# grub menu.lst for fai-cd

# Boot automatically after some secs.
timeout 5

color light-gray/black light-gray/red
default 2

title |
root (fd0)
title |
title +------------------------------------------------------+
root (fd0)
title |    FAI-CD (c) 2005, Thomas Lange, lange@debian.org   |
root (fd0)
title | _VERSIONSTRING_ |
root (fd0)
title +------------------------------------------------------+
root (fd0)
title |
root (fd0)
title |

title Fully Automatic Installation (pw: installme)
password installme
root (fd0)
kernel /vmlinuz root=/dev/ram0 init=/linuxrc FAI_FLAGS="verbose,createvt,syslogd" FAI_ACTION=install ip=192.168.1.1::::demohost::off rw
initrd /initrd.img

title Fully Automatic Installation with GNOME (pw: installme)
password installme
root (fd0)
kernel /vmlinuz root=/dev/ram0 init=/linuxrc FAI_FLAGS="verbose,createvt,syslogd" FAI_ACTION=install ip=192.168.1.1::::gnomehost::off rw
initrd /initrd.img

title FAI no network (pw: installme)
password installme
root (fd0)
kernel /vmlinuz root=/dev/ram0 init=/linuxrc FAI_FLAGS="verbose,createvt,syslogd" FAI_ACTION=install ip=off HOST=demohost rw
initrd /initrd.img

title FAI rescue system, no installation
root (fd0)
kernel /vmlinuz root=/dev/ram0 init=/linuxrc FAI_FLAGS="verbose,syslogd,createvt" FAI_ACTION=sysinfo ip=192.168.1.1::::demohost::off rw
initrd /initrd.img

#title Boot vmlinuz from hda1
#root (hd0,0)
#kernel /vmlinuz root=/dev/hda1
#initrd /initrd.img
